<?xml version="1.0" encoding="UTF-8"?>
<!-- Generated by org.testng.reporters.JUnitXMLReporter -->
<testsuite ignored="0" hostname="Deeps" failures="0" tests="14" name="ExpandTestingModules" time="76.093" errors="0" timestamp="2026-04-22T19:43:01 IST">
  <testcase classname="com.expandtesting.tests.FormInteractionTests" name="verifyCheckboxInteraction" time="6.18"/>
  <testcase classname="com.expandtesting.tests.DynamicElementsTests" name="verifyDynamicLoadingExample" time="9.479"/>
  <testcase classname="com.expandtesting.tests.FormInteractionTests" name="verifyDropdownSelection" time="4.884"/>
  <testcase classname="com.expandtesting.tests.AlertTests" name="verifyJavaScriptAlertAcceptFlow" time="4.272"/>
  <testcase classname="com.expandtesting.tests.FormInteractionTests" name="verifyInputsAcceptValues" time="4.795"/>
  <testcase classname="com.expandtesting.tests.AlertTests" name="verifyJavaScriptConfirmDismissFlow" time="2.729"/>
  <testcase classname="com.expandtesting.tests.FormInteractionTests" name="verifyRadioButtonSingleSelection" time="3.398"/>
  <testcase classname="com.expandtesting.tests.AlertTests" name="verifyJavaScriptPromptAcceptFlow" time="3.625"/>
  <testcase classname="com.expandtesting.tests.AuthTests" name="verifyLoginScenarios" time="6.806"/>
  <testcase classname="com.expandtesting.tests.NotesTests" name="registerUserForNotesApp" time="6.51"/>
  <testcase classname="com.expandtesting.tests.AuthTests" name="verifyLoginScenarios" time="7.216"/>
  <testcase classname="com.expandtesting.tests.AuthTests" name="verifyLoginScenarios" time="6.109"/>
  <testcase classname="com.expandtesting.tests.AuthTests" name="verifyLogoutEndsSession" time="9.335"/>
  <testcase classname="com.expandtesting.tests.NotesTests" name="createEditDeleteAndFilterNotes" time="33.312"/>
</testsuite> <!-- ExpandTestingModules -->
