<?xml version="1.0" encoding="UTF-8"?>
<!-- Generated by org.testng.reporters.JUnitXMLReporter -->
<testsuite ignored="0" hostname="Deeps" failures="0" tests="2" name="Surefire test" time="17.126" errors="0" timestamp="2026-04-22T21:40:31 IST">
  <testcase classname="com.expandtesting.tests.DynamicElementsTests" name="verifyDragAndDropCircles" time="3.343"/>
  <testcase classname="com.expandtesting.tests.DynamicElementsTests" name="verifyDynamicLoadingExample" time="8.335"/>
</testsuite> <!-- Surefire test -->
