<?xml version="1.0" encoding="UTF-8"?>
<!-- Generated by org.testng.reporters.JUnitXMLReporter -->
<testsuite ignored="0" hostname="Deeps" failures="0" tests="2" name="Default test" time="18.114" errors="0" timestamp="2026-04-22T21:56:22 IST">
  <testcase classname="com.expandtesting.tests.DynamicElementsTests" name="verifyDragAndDropCircles" time="3.898"/>
  <testcase classname="com.expandtesting.tests.DynamicElementsTests" name="verifyDynamicLoadingExample" time="9.52"/>
</testsuite> <!-- Default test -->
