<?xml version="1.0" encoding="UTF-8"?>
<!-- Generated by org.testng.reporters.JUnitXMLReporter -->
<testsuite ignored="0" hostname="Deeps" failures="0" tests="15" name="ExpandTestingModules" time="75.695" errors="0" timestamp="2026-04-22T21:59:05 IST">
  <testcase classname="com.expandtesting.tests.DynamicElementsTests" name="verifyDragAndDropCircles" time="3.529"/>
  <testcase classname="com.expandtesting.tests.FormInteractionTests" name="verifyCheckboxInteraction" time="3.909"/>
  <testcase classname="com.expandtesting.tests.FormInteractionTests" name="verifyDropdownSelection" time="3.438"/>
  <testcase classname="com.expandtesting.tests.DynamicElementsTests" name="verifyDynamicLoadingExample" time="8.088"/>
  <testcase classname="com.expandtesting.tests.FormInteractionTests" name="verifyInputsAcceptValues" time="4.853"/>
  <testcase classname="com.expandtesting.tests.AlertTests" name="verifyJavaScriptAlertAcceptFlow" time="3.666"/>
  <testcase classname="com.expandtesting.tests.FormInteractionTests" name="verifyRadioButtonSingleSelection" time="3.726"/>
  <testcase classname="com.expandtesting.tests.AlertTests" name="verifyJavaScriptConfirmDismissFlow" time="3.96"/>
  <testcase classname="com.expandtesting.tests.AlertTests" name="verifyJavaScriptPromptAcceptFlow" time="3.025"/>
  <testcase classname="com.expandtesting.tests.AuthTests" name="verifyLoginScenarios" time="7.743"/>
  <testcase classname="com.expandtesting.tests.NotesTests" name="registerUserForNotesApp" time="5.701"/>
  <testcase classname="com.expandtesting.tests.AuthTests" name="verifyLoginScenarios" time="7.08"/>
  <testcase classname="com.expandtesting.tests.AuthTests" name="verifyLoginScenarios" time="7.44"/>
  <testcase classname="com.expandtesting.tests.AuthTests" name="verifyLogoutEndsSession" time="12.528"/>
  <testcase classname="com.expandtesting.tests.NotesTests" name="createEditDeleteAndFilterNotes" time="32.793"/>
</testsuite> <!-- ExpandTestingModules -->
