<?xml version="1.0" encoding="UTF-8"?>
<testsuite xmlns:xsi="http://www.w3.org/2001/XMLSchema-instance" xsi:noNamespaceSchemaLocation="https://maven.apache.org/surefire/maven-surefire-plugin/xsd/surefire-test-report.xsd" version="3.0.2" name="TestSuite" time="78.305" tests="14" errors="0" skipped="0" failures="0">
  <properties>
[...]
</properties>
  <testcase name="verifyCheckboxInteraction" classname="com.expandtesting.tests.FormInteractionTests" time="6.196">
    <system-err><![CDATA[[TestNG-test-ExpandTestingModules-2] INFO io.github.bonigarcia.wdm.WebDriverManager - Using chromedriver 147.0.7727.57 (resolved driver for Chrome 147)
[TestNG-test-ExpandTestingModules-1] INFO io.github.bonigarcia.wdm.WebDriverManager - Using chromedriver 147.0.7727.57 (resolved driver for Chrome 147)
[TestNG-test-ExpandTestingModules-1] INFO io.github.bonigarcia.wdm.WebDriverManager - Exporting webdriver.chrome.driver as C:\Users\Deepika\.cache\selenium\chromedriver\win64\147.0.7727.57\chromedriver.exe
[TestNG-test-ExpandTestingModules-2] INFO io.github.bonigarcia.wdm.WebDriverManager - Exporting webdriver.chrome.driver as C:\Users\Deepika\.cache\selenium\chromedriver\win64\147.0.7727.57\chromedriver.exe
Apr 22, 2026 7:41:50 PM org.openqa.selenium.devtools.CdpVersionFinder findNearestMatch
WARNING: Unable to find CDP implementation matching 147
Apr 22, 2026 7:41:50 PM org.openqa.selenium.devtools.CdpVersionFinder findNearestMatch
WARNING: Unable to find CDP implementation matching 147
Apr 22, 2026 7:41:50 PM org.openqa.selenium.chromium.ChromiumDriver lambda$new$4
WARNING: Unable to find version of CDP to use for 147.0.7727.102. You may need to include a dependency on a specific version of the CDP using something similar to `org.seleniumhq.selenium:selenium-devtools-v86:4.31.0` where the version ("v86") matches the version of the chromium-based browser you're using and the version number of the artifact is the same as Selenium's.
Apr 22, 2026 7:41:50 PM org.openqa.selenium.chromium.ChromiumDriver lambda$new$4
WARNING: Unable to find version of CDP to use for 147.0.7727.102. You may need to include a dependency on a specific version of the CDP using something similar to `org.seleniumhq.selenium:selenium-devtools-v86:4.31.0` where the version ("v86") matches the version of the chromium-based browser you're using and the version number of the artifact is the same as Selenium's.
]]></system-err>
  </testcase>
  <testcase name="verifyDropdownSelection" classname="com.expandtesting.tests.FormInteractionTests" time="2.139">
    <system-err><![CDATA[[TestNG-test-ExpandTestingModules-2] INFO io.github.bonigarcia.wdm.WebDriverManager - Using chromedriver 147.0.7727.57 (resolved driver for Chrome 147)
[TestNG-test-ExpandTestingModules-2] INFO io.github.bonigarcia.wdm.WebDriverManager - Exporting webdriver.chrome.driver as C:\Users\Deepika\.cache\selenium\chromedriver\win64\147.0.7727.57\chromedriver.exe
Apr 22, 2026 7:42:01 PM org.openqa.selenium.devtools.CdpVersionFinder findNearestMatch
WARNING: Unable to find CDP implementation matching 147
Apr 22, 2026 7:42:01 PM org.openqa.selenium.chromium.ChromiumDriver lambda$new$4
WARNING: Unable to find version of CDP to use for 147.0.7727.102. You may need to include a dependency on a specific version of the CDP using something similar to `org.seleniumhq.selenium:selenium-devtools-v86:4.31.0` where the version ("v86") matches the version of the chromium-based browser you're using and the version number of the artifact is the same as Selenium's.
]]></system-err>
  </testcase>
  <testcase name="verifyInputsAcceptValues" classname="com.expandtesting.tests.FormInteractionTests" time="2.522">
    <system-err><![CDATA[[TestNG-test-ExpandTestingModules-2] INFO io.github.bonigarcia.wdm.WebDriverManager - Using chromedriver 147.0.7727.57 (resolved driver for Chrome 147)
[TestNG-test-ExpandTestingModules-2] INFO io.github.bonigarcia.wdm.WebDriverManager - Exporting webdriver.chrome.driver as C:\Users\Deepika\.cache\selenium\chromedriver\win64\147.0.7727.57\chromedriver.exe
Apr 22, 2026 7:42:07 PM org.openqa.selenium.devtools.CdpVersionFinder findNearestMatch
WARNING: Unable to find CDP implementation matching 147
Apr 22, 2026 7:42:07 PM org.openqa.selenium.chromium.ChromiumDriver lambda$new$4
WARNING: Unable to find version of CDP to use for 147.0.7727.102. You may need to include a dependency on a specific version of the CDP using something similar to `org.seleniumhq.selenium:selenium-devtools-v86:4.31.0` where the version ("v86") matches the version of the chromium-based browser you're using and the version number of the artifact is the same as Selenium's.
]]></system-err>
  </testcase>
  <testcase name="verifyRadioButtonSingleSelection" classname="com.expandtesting.tests.FormInteractionTests" time="3.078">
    <system-err><![CDATA[[TestNG-test-ExpandTestingModules-1] INFO io.github.bonigarcia.wdm.WebDriverManager - Using chromedriver 147.0.7727.57 (resolved driver for Chrome 147)
[TestNG-test-ExpandTestingModules-1] INFO io.github.bonigarcia.wdm.WebDriverManager - Exporting webdriver.chrome.driver as C:\Users\Deepika\.cache\selenium\chromedriver\win64\147.0.7727.57\chromedriver.exe
[TestNG-test-ExpandTestingModules-2] INFO io.github.bonigarcia.wdm.WebDriverManager - Using chromedriver 147.0.7727.57 (resolved driver for Chrome 147)
[TestNG-test-ExpandTestingModules-2] INFO io.github.bonigarcia.wdm.WebDriverManager - Exporting webdriver.chrome.driver as C:\Users\Deepika\.cache\selenium\chromedriver\win64\147.0.7727.57\chromedriver.exe
Apr 22, 2026 7:42:11 PM org.openqa.selenium.devtools.CdpVersionFinder findNearestMatch
WARNING: Unable to find CDP implementation matching 147
Apr 22, 2026 7:42:11 PM org.openqa.selenium.chromium.ChromiumDriver lambda$new$4
WARNING: Unable to find version of CDP to use for 147.0.7727.102. You may need to include a dependency on a specific version of the CDP using something similar to `org.seleniumhq.selenium:selenium-devtools-v86:4.31.0` where the version ("v86") matches the version of the chromium-based browser you're using and the version number of the artifact is the same as Selenium's.
Apr 22, 2026 7:42:11 PM org.openqa.selenium.devtools.CdpVersionFinder findNearestMatch
WARNING: Unable to find CDP implementation matching 147
Apr 22, 2026 7:42:11 PM org.openqa.selenium.chromium.ChromiumDriver lambda$new$4
WARNING: Unable to find version of CDP to use for 147.0.7727.102. You may need to include a dependency on a specific version of the CDP using something similar to `org.seleniumhq.selenium:selenium-devtools-v86:4.31.0` where the version ("v86") matches the version of the chromium-based browser you're using and the version number of the artifact is the same as Selenium's.
]]></system-err>
  </testcase>
  <testcase name="verifyDynamicLoadingExample" classname="com.expandtesting.tests.DynamicElementsTests" time="1.137">
    <system-err><![CDATA[[TestNG-test-ExpandTestingModules-1] INFO io.github.bonigarcia.wdm.WebDriverManager - Using chromedriver 147.0.7727.57 (resolved driver for Chrome 147)
[TestNG-test-ExpandTestingModules-1] INFO io.github.bonigarcia.wdm.WebDriverManager - Exporting webdriver.chrome.driver as C:\Users\Deepika\.cache\selenium\chromedriver\win64\147.0.7727.57\chromedriver.exe
Apr 22, 2026 7:41:58 PM org.openqa.selenium.devtools.CdpVersionFinder findNearestMatch
WARNING: Unable to find CDP implementation matching 147
Apr 22, 2026 7:41:58 PM org.openqa.selenium.chromium.ChromiumDriver lambda$new$4
WARNING: Unable to find version of CDP to use for 147.0.7727.102. You may need to include a dependency on a specific version of the CDP using something similar to `org.seleniumhq.selenium:selenium-devtools-v86:4.31.0` where the version ("v86") matches the version of the chromium-based browser you're using and the version number of the artifact is the same as Selenium's.
]]></system-err>
  </testcase>
  <testcase name="verifyJavaScriptAlertAcceptFlow" classname="com.expandtesting.tests.AlertTests" time="0.572">
    <system-err><![CDATA[[TestNG-test-ExpandTestingModules-1] INFO io.github.bonigarcia.wdm.WebDriverManager - Using chromedriver 147.0.7727.57 (resolved driver for Chrome 147)
[TestNG-test-ExpandTestingModules-1] INFO io.github.bonigarcia.wdm.WebDriverManager - Exporting webdriver.chrome.driver as C:\Users\Deepika\.cache\selenium\chromedriver\win64\147.0.7727.57\chromedriver.exe
Apr 22, 2026 7:42:05 PM org.openqa.selenium.devtools.CdpVersionFinder findNearestMatch
WARNING: Unable to find CDP implementation matching 147
Apr 22, 2026 7:42:05 PM org.openqa.selenium.chromium.ChromiumDriver lambda$new$4
WARNING: Unable to find version of CDP to use for 147.0.7727.102. You may need to include a dependency on a specific version of the CDP using something similar to `org.seleniumhq.selenium:selenium-devtools-v86:4.31.0` where the version ("v86") matches the version of the chromium-based browser you're using and the version number of the artifact is the same as Selenium's.
]]></system-err>
  </testcase>
  <testcase name="verifyJavaScriptConfirmDismissFlow" classname="com.expandtesting.tests.AlertTests" time="2.728"/>
  <testcase name="verifyJavaScriptPromptAcceptFlow" classname="com.expandtesting.tests.AlertTests" time="3.625">
    <system-err><![CDATA[[TestNG-test-ExpandTestingModules-1] INFO io.github.bonigarcia.wdm.WebDriverManager - Using chromedriver 147.0.7727.57 (resolved driver for Chrome 147)
[TestNG-test-ExpandTestingModules-1] INFO io.github.bonigarcia.wdm.WebDriverManager - Exporting webdriver.chrome.driver as C:\Users\Deepika\.cache\selenium\chromedriver\win64\147.0.7727.57\chromedriver.exe
]]></system-err>
  </testcase>
  <testcase name="verifyLoginScenarios[practice, SuperSecretPassword!, true, You logged into a secure area!](1)" classname="com.expandtesting.tests.AuthTests" time="3.78">
    <system-out><![CDATA[2026-04-22T14:12:16.094832700Z TestNG-test-ExpandTestingModules-2 ERROR Log4j API could not find a logging provider.
]]></system-out>
    <system-err><![CDATA[Apr 22, 2026 7:42:16 PM org.openqa.selenium.devtools.CdpVersionFinder findNearestMatch
WARNING: Unable to find CDP implementation matching 147
Apr 22, 2026 7:42:16 PM org.openqa.selenium.chromium.ChromiumDriver lambda$new$4
WARNING: Unable to find version of CDP to use for 147.0.7727.102. You may need to include a dependency on a specific version of the CDP using something similar to `org.seleniumhq.selenium:selenium-devtools-v86:4.31.0` where the version ("v86") matches the version of the chromium-based browser you're using and the version number of the artifact is the same as Selenium's.
[TestNG-test-ExpandTestingModules-2] INFO io.github.bonigarcia.wdm.WebDriverManager - Using chromedriver 147.0.7727.57 (resolved driver for Chrome 147)
[TestNG-test-ExpandTestingModules-2] INFO io.github.bonigarcia.wdm.WebDriverManager - Exporting webdriver.chrome.driver as C:\Users\Deepika\.cache\selenium\chromedriver\win64\147.0.7727.57\chromedriver.exe
Apr 22, 2026 7:42:19 PM org.openqa.selenium.devtools.CdpVersionFinder findNearestMatch
WARNING: Unable to find CDP implementation matching 147
Apr 22, 2026 7:42:19 PM org.openqa.selenium.chromium.ChromiumDriver lambda$new$4
WARNING: Unable to find version of CDP to use for 147.0.7727.102. You may need to include a dependency on a specific version of the CDP using something similar to `org.seleniumhq.selenium:selenium-devtools-v86:4.31.0` where the version ("v86") matches the version of the chromium-based browser you're using and the version number of the artifact is the same as Selenium's.
]]></system-err>
  </testcase>
  <testcase name="verifyLoginScenarios[practice, WrongPassword, false, Your password is invalid!](2)" classname="com.expandtesting.tests.AuthTests" time="4.695">
    <system-err><![CDATA[[TestNG-test-ExpandTestingModules-2] INFO io.github.bonigarcia.wdm.WebDriverManager - Using chromedriver 147.0.7727.57 (resolved driver for Chrome 147)
[TestNG-test-ExpandTestingModules-2] INFO io.github.bonigarcia.wdm.WebDriverManager - Exporting webdriver.chrome.driver as C:\Users\Deepika\.cache\selenium\chromedriver\win64\147.0.7727.57\chromedriver.exe
Apr 22, 2026 7:42:27 PM org.openqa.selenium.devtools.CdpVersionFinder findNearestMatch
WARNING: Unable to find CDP implementation matching 147
Apr 22, 2026 7:42:27 PM org.openqa.selenium.chromium.ChromiumDriver lambda$new$4
WARNING: Unable to find version of CDP to use for 147.0.7727.102. You may need to include a dependency on a specific version of the CDP using something similar to `org.seleniumhq.selenium:selenium-devtools-v86:4.31.0` where the version ("v86") matches the version of the chromium-based browser you're using and the version number of the artifact is the same as Selenium's.
]]></system-err>
  </testcase>
  <testcase name="verifyLoginScenarios[, , false, Your username is invalid!](3)" classname="com.expandtesting.tests.AuthTests" time="6.108">
    <system-err><![CDATA[[TestNG-test-ExpandTestingModules-1] INFO io.github.bonigarcia.wdm.WebDriverManager - Using chromedriver 147.0.7727.57 (resolved driver for Chrome 147)
[TestNG-test-ExpandTestingModules-1] INFO io.github.bonigarcia.wdm.WebDriverManager - Exporting webdriver.chrome.driver as C:\Users\Deepika\.cache\selenium\chromedriver\win64\147.0.7727.57\chromedriver.exe
Apr 22, 2026 7:42:33 PM org.openqa.selenium.devtools.CdpVersionFinder findNearestMatch
WARNING: Unable to find CDP implementation matching 147
Apr 22, 2026 7:42:33 PM org.openqa.selenium.chromium.ChromiumDriver lambda$new$4
WARNING: Unable to find version of CDP to use for 147.0.7727.102. You may need to include a dependency on a specific version of the CDP using something similar to `org.seleniumhq.selenium:selenium-devtools-v86:4.31.0` where the version ("v86") matches the version of the chromium-based browser you're using and the version number of the artifact is the same as Selenium's.
]]></system-err>
  </testcase>
  <testcase name="verifyLogoutEndsSession" classname="com.expandtesting.tests.AuthTests" time="9.345">
    <system-err><![CDATA[[TestNG-test-ExpandTestingModules-1] INFO io.github.bonigarcia.wdm.WebDriverManager - Using chromedriver 147.0.7727.57 (resolved driver for Chrome 147)
[TestNG-test-ExpandTestingModules-1] INFO io.github.bonigarcia.wdm.WebDriverManager - Exporting webdriver.chrome.driver as C:\Users\Deepika\.cache\selenium\chromedriver\win64\147.0.7727.57\chromedriver.exe
Apr 22, 2026 7:42:41 PM org.openqa.selenium.devtools.CdpVersionFinder findNearestMatch
WARNING: Unable to find CDP implementation matching 147
Apr 22, 2026 7:42:41 PM org.openqa.selenium.chromium.ChromiumDriver lambda$new$4
WARNING: Unable to find version of CDP to use for 147.0.7727.102. You may need to include a dependency on a specific version of the CDP using something similar to `org.seleniumhq.selenium:selenium-devtools-v86:4.31.0` where the version ("v86") matches the version of the chromium-based browser you're using and the version number of the artifact is the same as Selenium's.
]]></system-err>
  </testcase>
  <testcase name="registerUserForNotesApp" classname="com.expandtesting.tests.NotesTests" time="1.186">
    <system-err><![CDATA[[TestNG-test-ExpandTestingModules-1] INFO io.github.bonigarcia.wdm.WebDriverManager - Using chromedriver 147.0.7727.57 (resolved driver for Chrome 147)
[TestNG-test-ExpandTestingModules-1] INFO io.github.bonigarcia.wdm.WebDriverManager - Exporting webdriver.chrome.driver as C:\Users\Deepika\.cache\selenium\chromedriver\win64\147.0.7727.57\chromedriver.exe
Apr 22, 2026 7:42:24 PM org.openqa.selenium.devtools.CdpVersionFinder findNearestMatch
WARNING: Unable to find CDP implementation matching 147
Apr 22, 2026 7:42:24 PM org.openqa.selenium.chromium.ChromiumDriver lambda$new$4
WARNING: Unable to find version of CDP to use for 147.0.7727.102. You may need to include a dependency on a specific version of the CDP using something similar to `org.seleniumhq.selenium:selenium-devtools-v86:4.31.0` where the version ("v86") matches the version of the chromium-based browser you're using and the version number of the artifact is the same as Selenium's.
]]></system-err>
  </testcase>
  <testcase name="createEditDeleteAndFilterNotes" classname="com.expandtesting.tests.NotesTests" time="18.711"/>
</testsuite>