<?xml version="1.0" encoding="UTF-8"?>
<!-- Generated by org.testng.reporters.JUnitReportReporter -->
<testsuite hostname="Deeps" failures="0" tests="3" name="com.expandtesting.tests.AlertTests" time="14.849" errors="0" timestamp="2026-04-22T21:59:06 IST" skipped="0">
  <testcase classname="com.expandtesting.tests.AlertTests" name="verifyJavaScriptAlertAcceptFlow" time="5.007"/>
  <testcase classname="com.expandtesting.tests.AlertTests" name="verifyJavaScriptConfirmDismissFlow" time="5.327"/>
  <testcase classname="com.expandtesting.tests.AlertTests" name="verifyJavaScriptPromptAcceptFlow" time="4.515"/>
</testsuite> <!-- com.expandtesting.tests.AlertTests -->
