<?xml version="1.0" encoding="UTF-8"?>
<!-- Generated by org.testng.reporters.JUnitReportReporter -->
<testsuite hostname="Deeps" failures="0" tests="2" name="com.expandtesting.tests.DynamicElementsTests" time="17.046" errors="0" timestamp="2026-04-22T21:59:06 IST" skipped="0">
  <testcase classname="com.expandtesting.tests.DynamicElementsTests" name="verifyDynamicLoadingExample" time="11.860"/>
  <testcase classname="com.expandtesting.tests.DynamicElementsTests" name="verifyDragAndDropCircles" time="5.186"/>
</testsuite> <!-- com.expandtesting.tests.DynamicElementsTests -->
