<?xml version="1.0" encoding="UTF-8"?>
<!-- Generated by org.testng.reporters.JUnitReportReporter -->
<testsuite hostname="Deeps" failures="0" tests="4" name="com.expandtesting.tests.AuthTests" time="40.997" errors="0" timestamp="2026-04-22T21:59:06 IST" skipped="0">
  <testcase classname="com.expandtesting.tests.AuthTests" name="verifyLoginScenarios" time="9.547"/>
  <testcase classname="com.expandtesting.tests.AuthTests" name="verifyLoginScenarios" time="8.602"/>
  <testcase classname="com.expandtesting.tests.AuthTests" name="verifyLoginScenarios" time="8.895"/>
  <testcase classname="com.expandtesting.tests.AuthTests" name="verifyLogoutEndsSession" time="13.953"/>
</testsuite> <!-- com.expandtesting.tests.AuthTests -->
