<?xml version="1.0" encoding="UTF-8"?>
<!-- Generated by org.testng.reporters.JUnitReportReporter -->
<testsuite hostname="Deeps" failures="0" tests="4" name="com.expandtesting.tests.FormInteractionTests" time="24.056" errors="0" timestamp="2026-04-22T21:59:06 IST" skipped="0">
  <testcase classname="com.expandtesting.tests.FormInteractionTests" name="verifyInputsAcceptValues" time="6.171"/>
  <testcase classname="com.expandtesting.tests.FormInteractionTests" name="verifyRadioButtonSingleSelection" time="5.043"/>
  <testcase classname="com.expandtesting.tests.FormInteractionTests" name="verifyCheckboxInteraction" time="5.687"/>
  <testcase classname="com.expandtesting.tests.FormInteractionTests" name="verifyDropdownSelection" time="7.155"/>
</testsuite> <!-- com.expandtesting.tests.FormInteractionTests -->
