<?xml version="1.0" encoding="UTF-8"?>
<!-- Generated by org.testng.reporters.JUnitReportReporter -->
<testsuite hostname="Deeps" failures="0" tests="2" name="com.expandtesting.tests.NotesTests" time="41.719" errors="0" timestamp="2026-04-22T21:59:06 IST" skipped="0">
  <testcase classname="com.expandtesting.tests.NotesTests" name="registerUserForNotesApp" time="7.386"/>
  <testcase classname="com.expandtesting.tests.NotesTests" name="createEditDeleteAndFilterNotes" time="34.333"/>
</testsuite> <!-- com.expandtesting.tests.NotesTests -->
