<?xml version="1.0" encoding="UTF-8"?>
<!-- Generated by org.testng.reporters.JUnitReportReporter -->
<testsuite hostname="Deeps" failures="0" tests="4" name="com.expandtesting.tests.FormInteractionTests" time="29.716" errors="0" timestamp="2026-04-22T19:43:01 IST" skipped="0">
  <testcase classname="com.expandtesting.tests.FormInteractionTests" name="verifyCheckboxInteraction" time="11.455"/>
  <testcase classname="com.expandtesting.tests.FormInteractionTests" name="verifyDropdownSelection" time="6.391"/>
  <testcase classname="com.expandtesting.tests.FormInteractionTests" name="verifyInputsAcceptValues" time="6.344"/>
  <testcase classname="com.expandtesting.tests.FormInteractionTests" name="verifyRadioButtonSingleSelection" time="5.526"/>
</testsuite> <!-- com.expandtesting.tests.FormInteractionTests -->
