<?xml version="1.0" encoding="UTF-8"?>
<!-- Generated by org.testng.reporters.JUnitReportReporter -->
<testsuite hostname="Deeps" failures="0" tests="4" name="com.expandtesting.tests.AuthTests" time="36.312" errors="0" timestamp="2026-04-22T19:43:01 IST" skipped="0">
  <testcase classname="com.expandtesting.tests.AuthTests" name="verifyLoginScenarios" time="7.624"/>
  <testcase classname="com.expandtesting.tests.AuthTests" name="verifyLogoutEndsSession" time="10.914"/>
  <testcase classname="com.expandtesting.tests.AuthTests" name="verifyLoginScenarios" time="8.829"/>
  <testcase classname="com.expandtesting.tests.AuthTests" name="verifyLoginScenarios" time="8.945"/>
</testsuite> <!-- com.expandtesting.tests.AuthTests -->
