<?xml version="1.0" encoding="UTF-8"?>
<!-- Generated by org.testng.reporters.JUnitReportReporter -->
<testsuite hostname="Deeps" failures="0" tests="3" name="com.expandtesting.tests.AlertTests" time="15.701" errors="0" timestamp="2026-04-22T19:43:01 IST" skipped="0">
  <testcase classname="com.expandtesting.tests.AlertTests" name="verifyJavaScriptPromptAcceptFlow" time="5.283"/>
  <testcase classname="com.expandtesting.tests.AlertTests" name="verifyJavaScriptAlertAcceptFlow" time="5.971"/>
  <testcase classname="com.expandtesting.tests.AlertTests" name="verifyJavaScriptConfirmDismissFlow" time="4.447"/>
</testsuite> <!-- com.expandtesting.tests.AlertTests -->
