<?xml version="1.0" encoding="UTF-8"?>
<!-- Generated by org.testng.reporters.JUnitReportReporter -->
<testsuite hostname="Deeps" failures="0" tests="2" name="com.expandtesting.tests.NotesTests" time="42.571" errors="0" timestamp="2026-04-22T19:43:01 IST" skipped="0">
  <testcase classname="com.expandtesting.tests.NotesTests" name="registerUserForNotesApp" time="7.843"/>
  <testcase classname="com.expandtesting.tests.NotesTests" name="createEditDeleteAndFilterNotes" time="34.728"/>
</testsuite> <!-- com.expandtesting.tests.NotesTests -->
