<?xml version="1.0" encoding="UTF-8"?>
<!-- Generated by org.testng.reporters.JUnitReportReporter -->
<testsuite hostname="Deeps" failures="0" tests="2" name="com.expandtesting.tests.DynamicElementsTests" time="17.030" errors="0" timestamp="2026-04-22T21:40:31 IST" skipped="0">
  <testcase classname="com.expandtesting.tests.DynamicElementsTests" name="verifyDynamicLoadingExample" time="12.190"/>
  <testcase classname="com.expandtesting.tests.DynamicElementsTests" name="verifyDragAndDropCircles" time="4.840"/>
</testsuite> <!-- com.expandtesting.tests.DynamicElementsTests -->
